0 info it worked if it ends with ok
1 verbose cli [ '/usr/local/bin/node',
1 verbose cli   '/usr/local/bin/npm',
1 verbose cli   'install',
1 verbose cli   '-g',
1 verbose cli   'hexo-cli' ]
2 info using npm@2.15.0
3 info using node@v4.4.2
4 verbose install initial load of /usr/local/lib/package.json
5 verbose readDependencies loading dependencies from /usr/local/lib/package.json
6 silly cache add args [ 'hexo-cli', null ]
7 verbose cache add spec hexo-cli
8 silly cache add parsed spec Result {
8 silly cache add   raw: 'hexo-cli',
8 silly cache add   scope: null,
8 silly cache add   name: 'hexo-cli',
8 silly cache add   rawSpec: '',
8 silly cache add   spec: 'latest',
8 silly cache add   type: 'tag' }
9 silly addNamed hexo-cli@latest
10 verbose addNamed "latest" is being treated as a dist-tag for hexo-cli
11 info addNameTag [ 'hexo-cli', 'latest' ]
12 silly mapToRegistry name hexo-cli
13 silly mapToRegistry using default registry
14 silly mapToRegistry registry https://registry.npmjs.org/
15 silly mapToRegistry data Result {
15 silly mapToRegistry   raw: 'hexo-cli',
15 silly mapToRegistry   scope: null,
15 silly mapToRegistry   name: 'hexo-cli',
15 silly mapToRegistry   rawSpec: '',
15 silly mapToRegistry   spec: 'latest',
15 silly mapToRegistry   type: 'tag' }
16 silly mapToRegistry uri https://registry.npmjs.org/hexo-cli
17 verbose addNameTag registry:https://registry.npmjs.org/hexo-cli not in flight; fetching
18 verbose request uri https://registry.npmjs.org/hexo-cli
19 verbose request no auth needed
20 info attempt registry request try #1 at 18:19:26
21 verbose request id 2a8bfdc46c3e2a68
22 http request GET https://registry.npmjs.org/hexo-cli
23 http 200 https://registry.npmjs.org/hexo-cli
24 verbose headers { server: 'CouchDB/1.6.1 (Erlang OTP/R16B03)',
24 verbose headers   etag: '"2B3XOX6VZZ3O63S6AIQNHCTCE"',
24 verbose headers   'content-type': 'application/json',
24 verbose headers   'content-encoding': 'gzip',
24 verbose headers   'cache-control': 'max-age=300',
24 verbose headers   'content-length': '3780',
24 verbose headers   'accept-ranges': 'bytes',
24 verbose headers   date: 'Sun, 07 Aug 2016 10:19:27 GMT',
24 verbose headers   via: '1.1 varnish',
24 verbose headers   age: '0',
24 verbose headers   connection: 'keep-alive',
24 verbose headers   'x-served-by': 'cache-itm7420-ITM',
24 verbose headers   'x-cache': 'HIT',
24 verbose headers   'x-cache-hits': '1',
24 verbose headers   'x-timer': 'S1470565167.211324,VS0,VE580',
24 verbose headers   vary: 'Accept-Encoding' }
25 silly get cb [ 200,
25 silly get   { server: 'CouchDB/1.6.1 (Erlang OTP/R16B03)',
25 silly get     etag: '"2B3XOX6VZZ3O63S6AIQNHCTCE"',
25 silly get     'content-type': 'application/json',
25 silly get     'content-encoding': 'gzip',
25 silly get     'cache-control': 'max-age=300',
25 silly get     'content-length': '3780',
25 silly get     'accept-ranges': 'bytes',
25 silly get     date: 'Sun, 07 Aug 2016 10:19:27 GMT',
25 silly get     via: '1.1 varnish',
25 silly get     age: '0',
25 silly get     connection: 'keep-alive',
25 silly get     'x-served-by': 'cache-itm7420-ITM',
25 silly get     'x-cache': 'HIT',
25 silly get     'x-cache-hits': '1',
25 silly get     'x-timer': 'S1470565167.211324,VS0,VE580',
25 silly get     vary: 'Accept-Encoding' } ]
26 verbose get saving hexo-cli to /Users/apple/.npm/registry.npmjs.org/hexo-cli/.cache.json
27 verbose correctMkdir /Users/apple/.npm correctMkdir not in flight; initializing
28 silly addNameTag next cb for hexo-cli with tag latest
29 silly addNamed hexo-cli@1.0.2
30 verbose addNamed "1.0.2" is a plain semver version for hexo-cli
31 silly mapToRegistry name hexo-cli
32 silly mapToRegistry using default registry
33 silly mapToRegistry registry https://registry.npmjs.org/
34 silly mapToRegistry data Result {
34 silly mapToRegistry   raw: 'hexo-cli',
34 silly mapToRegistry   scope: null,
34 silly mapToRegistry   name: 'hexo-cli',
34 silly mapToRegistry   rawSpec: '',
34 silly mapToRegistry   spec: 'latest',
34 silly mapToRegistry   type: 'tag' }
35 silly mapToRegistry uri https://registry.npmjs.org/hexo-cli
36 verbose addRemoteTarball https://registry.npmjs.org/hexo-cli/-/hexo-cli-1.0.2.tgz not in flight; adding
37 verbose addRemoteTarball [ 'https://registry.npmjs.org/hexo-cli/-/hexo-cli-1.0.2.tgz',
37 verbose addRemoteTarball   '8ebcae88cac29254f1e9ac07f8a9f07399a8a1ae' ]
38 info retry fetch attempt 1 at 18:19:27
39 info attempt registry request try #1 at 18:19:27
40 http fetch GET https://registry.npmjs.org/hexo-cli/-/hexo-cli-1.0.2.tgz
41 http fetch 200 https://registry.npmjs.org/hexo-cli/-/hexo-cli-1.0.2.tgz
42 silly fetchAndShaCheck shasum 8ebcae88cac29254f1e9ac07f8a9f07399a8a1ae
43 verbose addTmpTarball /var/folders/wg/_xbh35t93836bmj62dh27xpw0000gn/T/npm-9507-49d51bc4/registry.npmjs.org/hexo-cli/-/hexo-cli-1.0.2.tgz not in flight; adding
44 verbose addTmpTarball already have metadata; skipping unpack for hexo-cli@1.0.2
45 verbose correctMkdir /Users/apple/.npm correctMkdir not in flight; initializing
46 silly cache afterAdd hexo-cli@1.0.2
47 verbose afterAdd /Users/apple/.npm/hexo-cli/1.0.2/package/package.json not in flight; writing
48 verbose correctMkdir /Users/apple/.npm correctMkdir not in flight; initializing
49 verbose afterAdd /Users/apple/.npm/hexo-cli/1.0.2/package/package.json written
50 silly install resolved [ { name: 'hexo-cli',
50 silly install resolved     version: '1.0.2',
50 silly install resolved     description: 'Command line interface for Hexo',
50 silly install resolved     main: 'lib/hexo',
50 silly install resolved     bin: { hexo: './bin/hexo' },
50 silly install resolved     scripts:
50 silly install resolved      { eslint: 'eslint .',
50 silly install resolved        jscs: 'jscs .',
50 silly install resolved        test: 'mocha test/index.js',
50 silly install resolved        'test-cov': 'istanbul cover --print both _mocha -- test/index.js' },
50 silly install resolved     directories: { lib: './lib', bin: './bin' },
50 silly install resolved     repository:
50 silly install resolved      { type: 'git',
50 silly install resolved        url: 'git+https://github.com/hexojs/hexo-cli.git' },
50 silly install resolved     homepage: 'https://hexo.io/',
50 silly install resolved     keywords: [ 'website', 'blog', 'cms', 'framework', 'hexo', 'cli' ],
50 silly install resolved     author:
50 silly install resolved      { name: 'Tommy Chen',
50 silly install resolved        email: 'tommy351@gmail.com',
50 silly install resolved        url: 'http://zespia.tw' },
50 silly install resolved     license: 'MIT',
50 silly install resolved     dependencies:
50 silly install resolved      { abbrev: '^1.0.7',
50 silly install resolved        bluebird: '^3.4.0',
50 silly install resolved        chalk: '^1.1.3',
50 silly install resolved        'hexo-fs': '^0.1.5',
50 silly install resolved        'hexo-log': '^0.1.2',
50 silly install resolved        'hexo-util': '^0.6.0',
50 silly install resolved        minimist: '^1.2.0',
50 silly install resolved        'object-assign': '^4.1.0',
50 silly install resolved        tildify: '^1.2.0' },
50 silly install resolved     devDependencies:
50 silly install resolved      { chai: '^3.5.0',
50 silly install resolved        'chai-as-promised': '^5.3.0',
50 silly install resolved        eslint: '^2.12.0',
50 silly install resolved        'eslint-config-hexo': '^1.0.3',
50 silly install resolved        'hexo-renderer-marked': '^0.2.10',
50 silly install resolved        istanbul: '^0.4.3',
50 silly install resolved        jscs: '^3.0.4',
50 silly install resolved        'jscs-preset-hexo': '^1.0.1',
50 silly install resolved        mocha: '^2.5.3',
50 silly install resolved        proxyquire: '^1.7.9',
50 silly install resolved        rewire: '^2.5.1',
50 silly install resolved        sinon: '^1.17.4' },
50 silly install resolved     gitHead: 'fb567e2d1e32929c4183ab4fcf1a5645fb646eb2',
50 silly install resolved     bugs: { url: 'https://github.com/hexojs/hexo-cli/issues' },
50 silly install resolved     _id: 'hexo-cli@1.0.2',
50 silly install resolved     _shasum: '8ebcae88cac29254f1e9ac07f8a9f07399a8a1ae',
50 silly install resolved     _from: 'hexo-cli@latest',
50 silly install resolved     _npmVersion: '3.7.1',
50 silly install resolved     _nodeVersion: '4.3.0',
50 silly install resolved     _npmUser: { name: 'tommy351', email: 'tommy351@gmail.com' },
50 silly install resolved     dist:
50 silly install resolved      { shasum: '8ebcae88cac29254f1e9ac07f8a9f07399a8a1ae',
50 silly install resolved        tarball: 'https://registry.npmjs.org/hexo-cli/-/hexo-cli-1.0.2.tgz' },
50 silly install resolved     maintainers: [ [Object] ],
50 silly install resolved     _npmOperationalInternal:
50 silly install resolved      { host: 'packages-16-east.internal.npmjs.com',
50 silly install resolved        tmp: 'tmp/hexo-cli-1.0.2.tgz_1465818839377_0.7479208533186466' },
50 silly install resolved     _resolved: 'https://registry.npmjs.org/hexo-cli/-/hexo-cli-1.0.2.tgz' } ]
51 info install hexo-cli@1.0.2 into /usr/local/lib
52 info installOne hexo-cli@1.0.2
53 verbose installOne of hexo-cli to /usr/local/lib not in flight; installing
54 verbose correctMkdir /Users/apple/.npm/_locks correctMkdir not in flight; initializing
55 verbose lock using /Users/apple/.npm/_locks/hexo-cli-d89d95637eeaa0d8.lock for /usr/local/lib/node_modules/hexo-cli
56 silly install write writing hexo-cli 1.0.2 to /usr/local/lib/node_modules/hexo-cli
57 verbose unbuild lib/node_modules/hexo-cli
58 silly gentlyRm /usr/local/lib/node_modules/hexo-cli is being purged from base /usr/local
59 verbose gentlyRm don't care about contents; nuking /usr/local/lib/node_modules/hexo-cli
60 verbose tar unpack /Users/apple/.npm/hexo-cli/1.0.2/package.tgz
61 verbose tar unpacking to /usr/local/lib/node_modules/hexo-cli
62 silly gentlyRm /usr/local/lib/node_modules/hexo-cli is being purged
63 verbose gentlyRm don't care about contents; nuking /usr/local/lib/node_modules/hexo-cli
64 silly gunzTarPerm modes [ '755', '644' ]
65 error tar.unpack untar error /Users/apple/.npm/hexo-cli/1.0.2/package.tgz
66 verbose unlock done using /Users/apple/.npm/_locks/hexo-cli-d89d95637eeaa0d8.lock for /usr/local/lib/node_modules/hexo-cli
67 verbose fstream_path /usr/local/lib/node_modules/hexo-cli
68 verbose fstream_type Directory
69 verbose fstream_class DirWriter
70 verbose stack Error: EACCES: permission denied, mkdir '/usr/local/lib/node_modules/hexo-cli'
70 verbose stack     at Error (native)
71 verbose fstream_stack /usr/local/lib/node_modules/npm/node_modules/fstream/lib/dir-writer.js:35:25
71 verbose fstream_stack /usr/local/lib/node_modules/npm/node_modules/mkdirp/index.js:47:53
71 verbose fstream_stack FSReqWrap.oncomplete (fs.js:82:15)
72 verbose cwd /Users/apple/Documents/my_blog
73 error Darwin 15.5.0
74 error argv "/usr/local/bin/node" "/usr/local/bin/npm" "install" "-g" "hexo-cli"
75 error node v4.4.2
76 error npm  v2.15.0
77 error path /usr/local/lib/node_modules/hexo-cli
78 error code EACCES
79 error errno -13
80 error syscall mkdir
81 error Error: EACCES: permission denied, mkdir '/usr/local/lib/node_modules/hexo-cli'
81 error     at Error (native)
81 error  { [Error: EACCES: permission denied, mkdir '/usr/local/lib/node_modules/hexo-cli']
81 error   errno: -13,
81 error   code: 'EACCES',
81 error   syscall: 'mkdir',
81 error   path: '/usr/local/lib/node_modules/hexo-cli',
81 error   fstream_type: 'Directory',
81 error   fstream_path: '/usr/local/lib/node_modules/hexo-cli',
81 error   fstream_class: 'DirWriter',
81 error   fstream_stack:
81 error    [ '/usr/local/lib/node_modules/npm/node_modules/fstream/lib/dir-writer.js:35:25',
81 error      '/usr/local/lib/node_modules/npm/node_modules/mkdirp/index.js:47:53',
81 error      'FSReqWrap.oncomplete (fs.js:82:15)' ] }
82 error Please try running this command again as root/Administrator.
83 verbose exit [ -13, true ]
84 verbose unbuild lib/node_modules/hexo-cli
85 silly gentlyRm /usr/local/lib/node_modules/hexo-cli is being purged from base /usr/local
86 verbose gentlyRm don't care about contents; nuking /usr/local/lib/node_modules/hexo-cli
